<!DOCTYPE html PUBLIC "-//W3C//DTD XHTML 1.1//EN" "http://www.w3.org/TR/xhtml11/DTD/xhtml11.dtd">
<html xmlns="http://www.w3.org/1999/xhtml"><head><title>TestNG Report</title><style type="text/css">table {margin-bottom:10px;border-collapse:collapse;empty-cells:show}th,td {border:1px solid #009;padding:.25em .5em}th {vertical-align:bottom}td {vertical-align:top}table a {font-weight:bold}.stripe td {background-color: #E6EBF9}.num {text-align:right}.passedodd td {background-color: #3F3}.passedeven td {background-color: #0A0}.skippedodd td {background-color: #DDD}.skippedeven td {background-color: #CCC}.failedodd td,.attn {background-color: #F33}.failedeven td,.stripe .attn {background-color: #D00}.stacktrace {white-space:pre;font-family:monospace}.totop {font-size:85%;text-align:center;border-bottom:2px solid #000}</style></head><body><table><tr><th>Test</th><th># Passed</th><th># Skipped</th><th># Failed</th><th>Time (ms)</th><th>Included Groups</th><th>Excluded Groups</th></tr><tr><th colspan="7">Suite</th></tr><tr><th colspan="7">Suite (1)</th></tr><tr><td><a href="#t0">Test</a></td><td class="num">0</td><td class="num attn">1</td><td class="num">0</td><td class="num">5,964</td><td></td><td></td></tr><tr><th colspan="7">Suite (0)</th></tr><tr class="stripe"><td><a href="#t1">Test</a></td><td class="num">3</td><td class="num">0</td><td class="num attn">1</td><td class="num">22,419</td><td></td><td></td></tr><tr><th colspan="7">Suite (3)</th></tr><tr><td><a href="#t2">Test</a></td><td class="num">0</td><td class="num">0</td><td class="num attn">1</td><td class="num">44,513</td><td></td><td></td></tr><tr><th colspan="7">Suite (2)</th></tr><tr class="stripe"><td><a href="#t3">Test</a></td><td class="num">1</td><td class="num">0</td><td class="num">0</td><td class="num">8,175</td><td></td><td></td></tr><tr><th>Total</th><th class="num">4</th><th class="num attn">1</th><th class="num attn">2</th><th class="num">81,071</th><th colspan="2"></th></tr></table><table><thead><tr><th>Class</th><th>Method</th><th>Start</th><th>Time (ms)</th></tr></thead><tbody><tr><th colspan="4">Suite</th></tr></tbody><tbody><tr><th colspan="4">Suite (1)</th></tr></tbody><tbody id="t0"><tr><th colspan="4">Test &#8212; skipped</th></tr><tr class="skippedeven"><td rowspan="1">com.wbl.test.LoginPageTest</td><td><a href="#m0">testlogin</a></td><td rowspan="1">1495220429705</td><td rowspan="1">0</td></tr></tbody><tbody><tr><th colspan="4">Suite (0)</th></tr></tbody><tbody id="t1"><tr><th colspan="4">Test &#8212; failed</th></tr><tr class="failedeven"><td rowspan="1">com.wbl.test.HomePageTest</td><td><a href="#m1">testNavLink</a></td><td rowspan="1">1495220386621</td><td rowspan="1">5352</td></tr><tr><th colspan="4">Test &#8212; passed</th></tr><tr class="passedeven"><td rowspan="3">com.wbl.test.HomePageTest</td><td><a href="#m2">testSearchbox</a></td><td rowspan="1">1495220392020</td><td rowspan="1">9096</td></tr><tr class="passedeven"><td><a href="#m3">testnewUser</a></td><td rowspan="1">1495220401118</td><td rowspan="1">2176</td></tr><tr class="passedeven"><td><a href="#m4">testsigninClick</a></td><td rowspan="1">1495220403295</td><td rowspan="1">5692</td></tr></tbody><tbody><tr><th colspan="4">Suite (3)</th></tr></tbody><tbody id="t2"><tr><th colspan="4">Test &#8212; failed</th></tr><tr class="failedeven"><td rowspan="1">com.wbl.test.SearchResultTest</td><td><a href="#m5">testresult</a></td><td rowspan="1">1495220462341</td><td rowspan="1">44454</td></tr></tbody><tbody><tr><th colspan="4">Suite (2)</th></tr></tbody><tbody id="t3"><tr><th colspan="4">Test &#8212; passed</th></tr><tr class="passedeven"><td rowspan="1">com.wbl.test.RegisterPageTest</td><td><a href="#m6">testnewuserregister</a></td><td rowspan="1">1495220448383</td><td rowspan="1">2534</td></tr></tbody></table><h2>Test</h2><h3 id="m0">com.wbl.test.LoginPageTest#testlogin</h3><table class="result"><tr><th>Exception</th></tr><tr><td><div class="stacktrace">java.lang.RuntimeException: java.lang.NoClassDefFoundError: org/apache/poi/ss/usermodel/Row
Caused by: java.lang.NoClassDefFoundError: org/apache/poi/ss/usermodel/Row
	at com.wbl.test.LoginPageTest.testdata(LoginPageTest.java:26)
	... 24 more
Caused by: java.lang.ClassNotFoundException: org.apache.poi.ss.usermodel.Row
	at java.net.URLClassLoader.findClass(URLClassLoader.java:381)
	at java.lang.ClassLoader.loadClass(ClassLoader.java:424)
	at sun.misc.Launcher$AppClassLoader.loadClass(Launcher.java:331)
	at java.lang.ClassLoader.loadClass(ClassLoader.java:357)
	... 31 more
... Removed 31 stack frames</div></td></tr></table><p class="totop"><a href="#summary">back to summary</a></p><h2>Test</h2><h3 id="m1">com.wbl.test.HomePageTest#testNavLink</h3><table class="result"><tr><th>Exception</th></tr><tr><td><div class="stacktrace">java.lang.AssertionError: expected [6] but found [5]
	at com.wbl.test.HomePageTest.testNavLink(HomePageTest.java:28)
... Removed 33 stack frames</div></td></tr></table><p class="totop"><a href="#summary">back to summary</a></p><h3 id="m2">com.wbl.test.HomePageTest#testSearchbox</h3><table class="result"></table><p class="totop"><a href="#summary">back to summary</a></p><h3 id="m3">com.wbl.test.HomePageTest#testnewUser</h3><table class="result"></table><p class="totop"><a href="#summary">back to summary</a></p><h3 id="m4">com.wbl.test.HomePageTest#testsigninClick</h3><table class="result"></table><p class="totop"><a href="#summary">back to summary</a></p><h2>Test</h2><h3 id="m5">com.wbl.test.SearchResultTest#testresult</h3><table class="result"><tr><th>Exception</th></tr><tr><td><div class="stacktrace">org.openqa.selenium.NoSuchElementException: no such element: Unable to locate element: {&quot;method&quot;:&quot;xpath&quot;,&quot;selector&quot;:&quot;html/body/div[1]/div[1]/div[3]/div[1]/div/div/div[2]/div/div/form/select/option[3]&quot;}
  (Session info: chrome=58.0.3029.110)
  (Driver info: chromedriver=2.24.417431 (9aea000394714d2fbb20850021f6204f2256b9cf),platform=Windows NT 10.0.14393 x86_64) (WARNING: The server did not provide any stacktrace information)
Command duration or timeout: 30.25 seconds
For documentation on this error, please visit: http://seleniumhq.org/exceptions/no_such_element.html
Build info: version: &apos;3.0.1&apos;, revision: &apos;1969d75&apos;, time: &apos;2016-10-18 09:49:13 -0700&apos;
System info: host: &apos;Pradnya&apos;, ip: &apos;192.168.1.9&apos;, os.name: &apos;Windows 10&apos;, os.arch: &apos;amd64&apos;, os.version: &apos;10.0&apos;, java.version: &apos;1.8.0_101&apos;
Driver info: org.openqa.selenium.chrome.ChromeDriver
Capabilities [{applicationCacheEnabled=false, rotatable=false, mobileEmulationEnabled=false, networkConnectionEnabled=false, chrome={chromedriverVersion=2.24.417431 (9aea000394714d2fbb20850021f6204f2256b9cf), userDataDir=C:\Users\ompra\AppData\Local\Temp\scoped_dir13808_30225}, takesHeapSnapshot=true, pageLoadStrategy=normal, databaseEnabled=false, handlesAlerts=true, hasTouchScreen=false, version=58.0.3029.110, platform=XP, browserConnectionEnabled=false, nativeEvents=true, acceptSslCerts=true, locationContextEnabled=true, webStorageEnabled=true, browserName=chrome, takesScreenshot=true, javascriptEnabled=true, cssSelectorsEnabled=true}]
Session ID: 2807db958861c61a14ee80fab78db6ff
*** Element info: {Using=xpath, value=html/body/div[1]/div[1]/div[3]/div[1]/div/div/div[2]/div/div/form/select/option[3]}
	at org.openqa.selenium.remote.ErrorHandler.createThrowable(ErrorHandler.java:216)
	at org.openqa.selenium.remote.ErrorHandler.throwIfResponseFailed(ErrorHandler.java:168)
	at org.openqa.selenium.remote.RemoteWebDriver.execute(RemoteWebDriver.java:635)
	at org.openqa.selenium.remote.RemoteWebDriver.findElement(RemoteWebDriver.java:368)
	at org.openqa.selenium.remote.RemoteWebDriver.findElementByXPath(RemoteWebDriver.java:473)
	at org.openqa.selenium.By$ByXPath.findElement(By.java:361)
	at org.openqa.selenium.remote.RemoteWebDriver.findElement(RemoteWebDriver.java:360)
	at com.wbl.page.SearchResultPage.sortResult(SearchResultPage.java:33)
	at com.wbl.test.SearchResultTest.testresult(SearchResultTest.java:22)
... Removed 32 stack frames</div></td></tr></table><p class="totop"><a href="#summary">back to summary</a></p><h2>Test</h2><h3 id="m6">com.wbl.test.RegisterPageTest#testnewuserregister</h3><table class="result"></table><p class="totop"><a href="#summary">back to summary</a></p></body></html>