<?xml version="1.0" encoding="UTF-8"?>
<testng-results skipped="1" failed="2" total="7" passed="4">
  <reporter-output>
  </reporter-output>
  <suite name="Suite" duration-ms="0" started-at="2017-05-19T19:01:47Z" finished-at="2017-05-19T19:01:47Z">
    <groups>
    </groups>
  </suite> <!-- Suite -->
  <suite name="Suite (1)" duration-ms="5964" started-at="2017-05-19T19:00:23Z" finished-at="2017-05-19T19:00:29Z">
    <groups>
    </groups>
    <test name="Test" duration-ms="5964" started-at="2017-05-19T19:00:23Z" finished-at="2017-05-19T19:00:29Z">
      <class name="com.wbl.test.LoginPageTest">
        <test-method status="PASS" signature="beforesuite()[pri:0, instance:com.wbl.test.LoginPageTest@6537cf78]" name="beforesuite" is-config="true" duration-ms="14037" started-at="2017-05-19T15:00:09Z" finished-at="2017-05-19T15:00:23Z">
          <reporter-output>
          </reporter-output>
        </test-method> <!-- beforesuite -->
        <test-method status="PASS" signature="before()[pri:0, instance:com.wbl.test.LoginPageTest@6537cf78]" name="before" is-config="true" duration-ms="5946" started-at="2017-05-19T15:00:23Z" finished-at="2017-05-19T15:00:29Z">
          <reporter-output>
          </reporter-output>
        </test-method> <!-- before -->
        <test-method status="SKIP" signature="testlogin(java.lang.String, java.lang.String)[pri:0, instance:com.wbl.test.LoginPageTest@6537cf78]" name="testlogin" duration-ms="0" started-at="2017-05-19T15:00:29Z" data-provider="testdata" finished-at="2017-05-19T15:00:29Z">
          <exception class="java.lang.RuntimeException">
            <message>
              <![CDATA[java.lang.NoClassDefFoundError: org/apache/poi/ss/usermodel/Row]]>
            </message>
            <full-stacktrace>
              <![CDATA[java.lang.RuntimeException: java.lang.NoClassDefFoundError: org/apache/poi/ss/usermodel/Row
	at org.testng.internal.MethodInvocationHelper.invokeDataProvider(MethodInvocationHelper.java:162)
	at org.testng.internal.Parameters.handleParameters(Parameters.java:430)
	at org.testng.internal.Invoker.handleParameters(Invoker.java:1270)
	at org.testng.internal.Invoker.createParameters(Invoker.java:985)
	at org.testng.internal.Invoker.invokeTestMethods(Invoker.java:1075)
	at org.testng.internal.TestMethodWorker.invokeTestMethods(TestMethodWorker.java:125)
	at org.testng.internal.TestMethodWorker.run(TestMethodWorker.java:108)
	at org.testng.TestRunner.privateRun(TestRunner.java:774)
	at org.testng.TestRunner.run(TestRunner.java:624)
	at org.testng.SuiteRunner.runTest(SuiteRunner.java:359)
	at org.testng.SuiteRunner.runSequentially(SuiteRunner.java:354)
	at org.testng.SuiteRunner.privateRun(SuiteRunner.java:312)
	at org.testng.SuiteRunner.run(SuiteRunner.java:261)
	at org.testng.SuiteRunnerWorker.runSuite(SuiteRunnerWorker.java:52)
	at org.testng.SuiteRunnerWorker.run(SuiteRunnerWorker.java:86)
	at org.testng.TestNG.runSuitesSequentially(TestNG.java:1215)
	at org.testng.TestNG.runSuitesSequentially(TestNG.java:1211)
	at org.testng.TestNG.runSuitesLocally(TestNG.java:1140)
	at org.testng.TestNG.run(TestNG.java:1048)
	at org.apache.maven.surefire.testng.TestNGExecutor.run(TestNGExecutor.java:281)
	at org.apache.maven.surefire.testng.TestNGXmlTestSuite.execute(TestNGXmlTestSuite.java:75)
	at org.apache.maven.surefire.testng.TestNGProvider.invoke(TestNGProvider.java:121)
	at org.apache.maven.surefire.booter.ForkedBooter.invokeProviderInSameClassLoader(ForkedBooter.java:290)
	at org.apache.maven.surefire.booter.ForkedBooter.runSuitesInProcess(ForkedBooter.java:242)
	at org.apache.maven.surefire.booter.ForkedBooter.main(ForkedBooter.java:121)
Caused by: java.lang.NoClassDefFoundError: org/apache/poi/ss/usermodel/Row
	at com.wbl.test.LoginPageTest.testdata(LoginPageTest.java:26)
	at sun.reflect.NativeMethodAccessorImpl.invoke0(Native Method)
	at sun.reflect.NativeMethodAccessorImpl.invoke(NativeMethodAccessorImpl.java:62)
	at sun.reflect.DelegatingMethodAccessorImpl.invoke(DelegatingMethodAccessorImpl.java:43)
	at java.lang.reflect.Method.invoke(Method.java:498)
	at org.testng.internal.MethodInvocationHelper.invokeMethod(MethodInvocationHelper.java:85)
	at org.testng.internal.MethodInvocationHelper.invokeDataProvider(MethodInvocationHelper.java:136)
	... 24 more
Caused by: java.lang.ClassNotFoundException: org.apache.poi.ss.usermodel.Row
	at java.net.URLClassLoader.findClass(URLClassLoader.java:381)
	at java.lang.ClassLoader.loadClass(ClassLoader.java:424)
	at sun.misc.Launcher$AppClassLoader.loadClass(Launcher.java:331)
	at java.lang.ClassLoader.loadClass(ClassLoader.java:357)
	... 31 more
]]>
            </full-stacktrace>
          </exception> <!-- java.lang.RuntimeException -->
          <reporter-output>
          </reporter-output>
        </test-method> <!-- testlogin -->
        <test-method status="PASS" signature="aftersuite()[pri:0, instance:com.wbl.test.LoginPageTest@6537cf78]" name="aftersuite" is-config="true" duration-ms="1397" started-at="2017-05-19T15:00:29Z" finished-at="2017-05-19T15:00:31Z">
          <reporter-output>
          </reporter-output>
        </test-method> <!-- aftersuite -->
      </class> <!-- com.wbl.test.LoginPageTest -->
    </test> <!-- Test -->
  </suite> <!-- Suite (1) -->
  <suite name="Suite (0)" duration-ms="22419" started-at="2017-05-19T18:59:46Z" finished-at="2017-05-19T19:00:08Z">
    <groups>
    </groups>
    <test name="Test" duration-ms="22419" started-at="2017-05-19T18:59:46Z" finished-at="2017-05-19T19:00:08Z">
      <class name="com.wbl.test.HomePageTest">
        <test-method status="PASS" signature="beforesuite()[pri:0, instance:com.wbl.test.HomePageTest@246ae04d]" name="beforesuite" is-config="true" duration-ms="15470" started-at="2017-05-19T14:59:31Z" finished-at="2017-05-19T14:59:46Z">
          <reporter-output>
          </reporter-output>
        </test-method> <!-- beforesuite -->
        <test-method status="PASS" signature="before()[pri:0, instance:com.wbl.test.HomePageTest@246ae04d]" name="before" is-config="true" duration-ms="32" started-at="2017-05-19T14:59:46Z" finished-at="2017-05-19T14:59:46Z">
          <reporter-output>
          </reporter-output>
        </test-method> <!-- before -->
        <test-method status="FAIL" signature="testNavLink()[pri:0, instance:com.wbl.test.HomePageTest@246ae04d]" name="testNavLink" duration-ms="5352" started-at="2017-05-19T14:59:46Z" finished-at="2017-05-19T14:59:51Z">
          <exception class="java.lang.AssertionError">
            <message>
              <![CDATA[expected [6] but found [5]]]>
            </message>
            <full-stacktrace>
              <![CDATA[java.lang.AssertionError: expected [6] but found [5]
	at org.testng.Assert.fail(Assert.java:94)
	at org.testng.Assert.failNotEquals(Assert.java:496)
	at org.testng.Assert.assertEquals(Assert.java:125)
	at org.testng.Assert.assertEquals(Assert.java:372)
	at org.testng.Assert.assertEquals(Assert.java:382)
	at com.wbl.test.HomePageTest.testNavLink(HomePageTest.java:28)
	at sun.reflect.NativeMethodAccessorImpl.invoke0(Native Method)
	at sun.reflect.NativeMethodAccessorImpl.invoke(NativeMethodAccessorImpl.java:62)
	at sun.reflect.DelegatingMethodAccessorImpl.invoke(DelegatingMethodAccessorImpl.java:43)
	at java.lang.reflect.Method.invoke(Method.java:498)
	at org.testng.internal.MethodInvocationHelper.invokeMethod(MethodInvocationHelper.java:85)
	at org.testng.internal.Invoker.invokeMethod(Invoker.java:639)
	at org.testng.internal.Invoker.invokeTestMethod(Invoker.java:816)
	at org.testng.internal.Invoker.invokeTestMethods(Invoker.java:1124)
	at org.testng.internal.TestMethodWorker.invokeTestMethods(TestMethodWorker.java:125)
	at org.testng.internal.TestMethodWorker.run(TestMethodWorker.java:108)
	at org.testng.TestRunner.privateRun(TestRunner.java:774)
	at org.testng.TestRunner.run(TestRunner.java:624)
	at org.testng.SuiteRunner.runTest(SuiteRunner.java:359)
	at org.testng.SuiteRunner.runSequentially(SuiteRunner.java:354)
	at org.testng.SuiteRunner.privateRun(SuiteRunner.java:312)
	at org.testng.SuiteRunner.run(SuiteRunner.java:261)
	at org.testng.SuiteRunnerWorker.runSuite(SuiteRunnerWorker.java:52)
	at org.testng.SuiteRunnerWorker.run(SuiteRunnerWorker.java:86)
	at org.testng.TestNG.runSuitesSequentially(TestNG.java:1215)
	at org.testng.TestNG.runSuitesSequentially(TestNG.java:1211)
	at org.testng.TestNG.runSuitesLocally(TestNG.java:1140)
	at org.testng.TestNG.run(TestNG.java:1048)
	at org.apache.maven.surefire.testng.TestNGExecutor.run(TestNGExecutor.java:281)
	at org.apache.maven.surefire.testng.TestNGXmlTestSuite.execute(TestNGXmlTestSuite.java:75)
	at org.apache.maven.surefire.testng.TestNGProvider.invoke(TestNGProvider.java:121)
	at org.apache.maven.surefire.booter.ForkedBooter.invokeProviderInSameClassLoader(ForkedBooter.java:290)
	at org.apache.maven.surefire.booter.ForkedBooter.runSuitesInProcess(ForkedBooter.java:242)
	at org.apache.maven.surefire.booter.ForkedBooter.main(ForkedBooter.java:121)
]]>
            </full-stacktrace>
          </exception> <!-- java.lang.AssertionError -->
          <reporter-output>
          </reporter-output>
        </test-method> <!-- testNavLink -->
        <test-method status="PASS" signature="testSearchbox()[pri:0, instance:com.wbl.test.HomePageTest@246ae04d]" name="testSearchbox" duration-ms="9096" started-at="2017-05-19T14:59:52Z" finished-at="2017-05-19T15:00:01Z">
          <reporter-output>
          </reporter-output>
        </test-method> <!-- testSearchbox -->
        <test-method status="PASS" signature="testnewUser()[pri:0, instance:com.wbl.test.HomePageTest@246ae04d]" name="testnewUser" duration-ms="2176" started-at="2017-05-19T15:00:01Z" finished-at="2017-05-19T15:00:03Z">
          <reporter-output>
          </reporter-output>
        </test-method> <!-- testnewUser -->
        <test-method status="PASS" signature="testsigninClick()[pri:0, instance:com.wbl.test.HomePageTest@246ae04d]" name="testsigninClick" duration-ms="5692" started-at="2017-05-19T15:00:03Z" finished-at="2017-05-19T15:00:08Z">
          <reporter-output>
          </reporter-output>
        </test-method> <!-- testsigninClick -->
        <test-method status="PASS" signature="aftersuite()[pri:0, instance:com.wbl.test.HomePageTest@246ae04d]" name="aftersuite" is-config="true" duration-ms="625" started-at="2017-05-19T15:00:09Z" finished-at="2017-05-19T15:00:09Z">
          <reporter-output>
          </reporter-output>
        </test-method> <!-- aftersuite -->
      </class> <!-- com.wbl.test.HomePageTest -->
    </test> <!-- Test -->
  </suite> <!-- Suite (0) -->
  <suite name="Suite (3)" duration-ms="44513" started-at="2017-05-19T19:01:02Z" finished-at="2017-05-19T19:01:46Z">
    <groups>
    </groups>
    <test name="Test" duration-ms="44513" started-at="2017-05-19T19:01:02Z" finished-at="2017-05-19T19:01:46Z">
      <class name="com.wbl.test.SearchResultTest">
        <test-method status="PASS" signature="beforesuite()[pri:0, instance:com.wbl.test.SearchResultTest@2096442d]" name="beforesuite" is-config="true" duration-ms="10576" started-at="2017-05-19T15:00:51Z" finished-at="2017-05-19T15:01:02Z">
          <reporter-output>
          </reporter-output>
        </test-method> <!-- beforesuite -->
        <test-method status="PASS" signature="before()[pri:0, instance:com.wbl.test.SearchResultTest@2096442d]" name="before" is-config="true" duration-ms="13" started-at="2017-05-19T15:01:02Z" finished-at="2017-05-19T15:01:02Z">
          <reporter-output>
          </reporter-output>
        </test-method> <!-- before -->
        <test-method status="FAIL" signature="testresult()[pri:0, instance:com.wbl.test.SearchResultTest@2096442d]" name="testresult" duration-ms="44454" started-at="2017-05-19T15:01:02Z" finished-at="2017-05-19T15:01:46Z">
          <exception class="org.openqa.selenium.NoSuchElementException">
            <message>
              <![CDATA[no such element: Unable to locate element: {"method":"xpath","selector":"html/body/div[1]/div[1]/div[3]/div[1]/div/div/div[2]/div/div/form/select/option[3]"}
  (Session info: chrome=58.0.3029.110)
  (Driver info: chromedriver=2.24.417431 (9aea000394714d2fbb20850021f6204f2256b9cf),platform=Windows NT 10.0.14393 x86_64) (WARNING: The server did not provide any stacktrace information)
Command duration or timeout: 30.25 seconds
For documentation on this error, please visit: http://seleniumhq.org/exceptions/no_such_element.html
Build info: version: '3.0.1', revision: '1969d75', time: '2016-10-18 09:49:13 -0700'
System info: host: 'Pradnya', ip: '192.168.1.9', os.name: 'Windows 10', os.arch: 'amd64', os.version: '10.0', java.version: '1.8.0_101'
Driver info: org.openqa.selenium.chrome.ChromeDriver
Capabilities [{applicationCacheEnabled=false, rotatable=false, mobileEmulationEnabled=false, networkConnectionEnabled=false, chrome={chromedriverVersion=2.24.417431 (9aea000394714d2fbb20850021f6204f2256b9cf), userDataDir=C:\Users\ompra\AppData\Local\Temp\scoped_dir13808_30225}, takesHeapSnapshot=true, pageLoadStrategy=normal, databaseEnabled=false, handlesAlerts=true, hasTouchScreen=false, version=58.0.3029.110, platform=XP, browserConnectionEnabled=false, nativeEvents=true, acceptSslCerts=true, locationContextEnabled=true, webStorageEnabled=true, browserName=chrome, takesScreenshot=true, javascriptEnabled=true, cssSelectorsEnabled=true}]
Session ID: 2807db958861c61a14ee80fab78db6ff
*** Element info: {Using=xpath, value=html/body/div[1]/div[1]/div[3]/div[1]/div/div/div[2]/div/div/form/select/option[3]}]]>
            </message>
            <full-stacktrace>
              <![CDATA[org.openqa.selenium.NoSuchElementException: no such element: Unable to locate element: {"method":"xpath","selector":"html/body/div[1]/div[1]/div[3]/div[1]/div/div/div[2]/div/div/form/select/option[3]"}
  (Session info: chrome=58.0.3029.110)
  (Driver info: chromedriver=2.24.417431 (9aea000394714d2fbb20850021f6204f2256b9cf),platform=Windows NT 10.0.14393 x86_64) (WARNING: The server did not provide any stacktrace information)
Command duration or timeout: 30.25 seconds
For documentation on this error, please visit: http://seleniumhq.org/exceptions/no_such_element.html
Build info: version: '3.0.1', revision: '1969d75', time: '2016-10-18 09:49:13 -0700'
System info: host: 'Pradnya', ip: '192.168.1.9', os.name: 'Windows 10', os.arch: 'amd64', os.version: '10.0', java.version: '1.8.0_101'
Driver info: org.openqa.selenium.chrome.ChromeDriver
Capabilities [{applicationCacheEnabled=false, rotatable=false, mobileEmulationEnabled=false, networkConnectionEnabled=false, chrome={chromedriverVersion=2.24.417431 (9aea000394714d2fbb20850021f6204f2256b9cf), userDataDir=C:\Users\ompra\AppData\Local\Temp\scoped_dir13808_30225}, takesHeapSnapshot=true, pageLoadStrategy=normal, databaseEnabled=false, handlesAlerts=true, hasTouchScreen=false, version=58.0.3029.110, platform=XP, browserConnectionEnabled=false, nativeEvents=true, acceptSslCerts=true, locationContextEnabled=true, webStorageEnabled=true, browserName=chrome, takesScreenshot=true, javascriptEnabled=true, cssSelectorsEnabled=true}]
Session ID: 2807db958861c61a14ee80fab78db6ff
*** Element info: {Using=xpath, value=html/body/div[1]/div[1]/div[3]/div[1]/div/div/div[2]/div/div/form/select/option[3]}
	at sun.reflect.NativeConstructorAccessorImpl.newInstance0(Native Method)
	at sun.reflect.NativeConstructorAccessorImpl.newInstance(NativeConstructorAccessorImpl.java:62)
	at sun.reflect.DelegatingConstructorAccessorImpl.newInstance(DelegatingConstructorAccessorImpl.java:45)
	at java.lang.reflect.Constructor.newInstance(Constructor.java:423)
	at org.openqa.selenium.remote.ErrorHandler.createThrowable(ErrorHandler.java:216)
	at org.openqa.selenium.remote.ErrorHandler.throwIfResponseFailed(ErrorHandler.java:168)
	at org.openqa.selenium.remote.RemoteWebDriver.execute(RemoteWebDriver.java:635)
	at org.openqa.selenium.remote.RemoteWebDriver.findElement(RemoteWebDriver.java:368)
	at org.openqa.selenium.remote.RemoteWebDriver.findElementByXPath(RemoteWebDriver.java:473)
	at org.openqa.selenium.By$ByXPath.findElement(By.java:361)
	at org.openqa.selenium.remote.RemoteWebDriver.findElement(RemoteWebDriver.java:360)
	at com.wbl.page.SearchResultPage.sortResult(SearchResultPage.java:33)
	at com.wbl.test.SearchResultTest.testresult(SearchResultTest.java:22)
	at sun.reflect.NativeMethodAccessorImpl.invoke0(Native Method)
	at sun.reflect.NativeMethodAccessorImpl.invoke(NativeMethodAccessorImpl.java:62)
	at sun.reflect.DelegatingMethodAccessorImpl.invoke(DelegatingMethodAccessorImpl.java:43)
	at java.lang.reflect.Method.invoke(Method.java:498)
	at org.testng.internal.MethodInvocationHelper.invokeMethod(MethodInvocationHelper.java:85)
	at org.testng.internal.Invoker.invokeMethod(Invoker.java:639)
	at org.testng.internal.Invoker.invokeTestMethod(Invoker.java:816)
	at org.testng.internal.Invoker.invokeTestMethods(Invoker.java:1124)
	at org.testng.internal.TestMethodWorker.invokeTestMethods(TestMethodWorker.java:125)
	at org.testng.internal.TestMethodWorker.run(TestMethodWorker.java:108)
	at org.testng.TestRunner.privateRun(TestRunner.java:774)
	at org.testng.TestRunner.run(TestRunner.java:624)
	at org.testng.SuiteRunner.runTest(SuiteRunner.java:359)
	at org.testng.SuiteRunner.runSequentially(SuiteRunner.java:354)
	at org.testng.SuiteRunner.privateRun(SuiteRunner.java:312)
	at org.testng.SuiteRunner.run(SuiteRunner.java:261)
	at org.testng.SuiteRunnerWorker.runSuite(SuiteRunnerWorker.java:52)
	at org.testng.SuiteRunnerWorker.run(SuiteRunnerWorker.java:86)
	at org.testng.TestNG.runSuitesSequentially(TestNG.java:1215)
	at org.testng.TestNG.runSuitesSequentially(TestNG.java:1211)
	at org.testng.TestNG.runSuitesLocally(TestNG.java:1140)
	at org.testng.TestNG.run(TestNG.java:1048)
	at org.apache.maven.surefire.testng.TestNGExecutor.run(TestNGExecutor.java:281)
	at org.apache.maven.surefire.testng.TestNGXmlTestSuite.execute(TestNGXmlTestSuite.java:75)
	at org.apache.maven.surefire.testng.TestNGProvider.invoke(TestNGProvider.java:121)
	at org.apache.maven.surefire.booter.ForkedBooter.invokeProviderInSameClassLoader(ForkedBooter.java:290)
	at org.apache.maven.surefire.booter.ForkedBooter.runSuitesInProcess(ForkedBooter.java:242)
	at org.apache.maven.surefire.booter.ForkedBooter.main(ForkedBooter.java:121)
]]>
            </full-stacktrace>
          </exception> <!-- org.openqa.selenium.NoSuchElementException -->
          <reporter-output>
          </reporter-output>
        </test-method> <!-- testresult -->
        <test-method status="PASS" signature="aftersuite()[pri:0, instance:com.wbl.test.SearchResultTest@2096442d]" name="aftersuite" is-config="true" duration-ms="885" started-at="2017-05-19T15:01:46Z" finished-at="2017-05-19T15:01:47Z">
          <reporter-output>
          </reporter-output>
        </test-method> <!-- aftersuite -->
      </class> <!-- com.wbl.test.SearchResultTest -->
    </test> <!-- Test -->
  </suite> <!-- Suite (3) -->
  <suite name="Suite (2)" duration-ms="8175" started-at="2017-05-19T19:00:42Z" finished-at="2017-05-19T19:00:50Z">
    <groups>
    </groups>
    <test name="Test" duration-ms="8175" started-at="2017-05-19T19:00:42Z" finished-at="2017-05-19T19:00:50Z">
      <class name="com.wbl.test.RegisterPageTest">
        <test-method status="PASS" signature="beforesuite()[pri:0, instance:com.wbl.test.RegisterPageTest@54a097cc]" name="beforesuite" is-config="true" duration-ms="11620" started-at="2017-05-19T15:00:31Z" finished-at="2017-05-19T15:00:42Z">
          <reporter-output>
          </reporter-output>
        </test-method> <!-- beforesuite -->
        <test-method status="PASS" signature="before()[pri:0, instance:com.wbl.test.RegisterPageTest@54a097cc]" name="before" is-config="true" duration-ms="5639" started-at="2017-05-19T15:00:42Z" finished-at="2017-05-19T15:00:48Z">
          <reporter-output>
          </reporter-output>
        </test-method> <!-- before -->
        <test-method status="PASS" signature="testnewuserregister()[pri:0, instance:com.wbl.test.RegisterPageTest@54a097cc]" name="testnewuserregister" duration-ms="2534" started-at="2017-05-19T15:00:48Z" finished-at="2017-05-19T15:00:50Z">
          <reporter-output>
          </reporter-output>
        </test-method> <!-- testnewuserregister -->
        <test-method status="PASS" signature="aftersuite()[pri:0, instance:com.wbl.test.RegisterPageTest@54a097cc]" name="aftersuite" is-config="true" duration-ms="817" started-at="2017-05-19T15:00:50Z" finished-at="2017-05-19T15:00:51Z">
          <reporter-output>
          </reporter-output>
        </test-method> <!-- aftersuite -->
      </class> <!-- com.wbl.test.RegisterPageTest -->
    </test> <!-- Test -->
  </suite> <!-- Suite (2) -->
</testng-results>
