<?xml version="1.0" encoding="UTF-8"?>
<!-- Generated by org.testng.reporters.JUnitXMLReporter -->
<testsuite hostname="Pradnya" name="Test" tests="4" failures="1" timestamp="19 May 2017 19:00:09 GMT" time="22.419" errors="0">
  <testcase name="testNavLink" time="5.352" classname="com.wbl.test.HomePageTest">
    <failure type="java.lang.AssertionError" message="expected [6] but found [5]">
      <![CDATA[java.lang.AssertionError: expected [6] but found [5]
	at com.wbl.test.HomePageTest.testNavLink(HomePageTest.java:28)
... Removed 33 stack frames]]>
    </failure>
  </testcase> <!-- testNavLink -->
  <testcase name="testSearchbox" time="9.096" classname="com.wbl.test.HomePageTest"/>
  <testcase name="testnewUser" time="2.176" classname="com.wbl.test.HomePageTest"/>
  <testcase name="testsigninClick" time="5.692" classname="com.wbl.test.HomePageTest"/>
</testsuite> <!-- Test -->
